<?xml version="1.0" encoding="UTF-8"?>
<!-- Generated by org.testng.reporters.JUnitReportReporter -->
<testsuite hostname="DESKTOP-9373C3E" failures="0" tests="1" name="day34.ApiTestingDemo" time="2.070" errors="0" timestamp="2024-09-17T14:46:04 PDT" skipped="0">
  <testcase classname="day34.ApiTestingDemo" name="apitesting" time="2.070"/>
  <system-out/>
</testsuite> <!-- day34.ApiTestingDemo -->
